Starting Mighty Mouse Optimization Iteration (Tier: tier_1)...
Updated 6 paths from the index
Removing ._encoder.py
Removing encoder.py
Verified 10 tasks. Results logged to logs/benchmark_results.json
Updated 3 paths from the index
Verified 10 tasks. Results logged to logs/benchmark_results.json
Updated 3 paths from the index
Verified 10 tasks. Results logged to logs/benchmark_results.json
Updated 2 paths from the index
Removing ._core.py
Removing ._service.py
Removing core.py
Removing service.py
Verified 10 tasks. Results logged to logs/benchmark_results.json
Updated 2 paths from the index
Removing ._math_utils.py
Removing math_utils.py
Verified 10 tasks. Results logged to logs/benchmark_results.json
--- Processing Task: task_01_simple_calc.json ---
Resetting workspace...
Invoking Antigravity agent...
Running verification...
--- Processing Task: task_02_data_parse.json ---
Resetting workspace...
Invoking Antigravity agent...
Running verification...
--- Processing Task: task_08_multi_file_api.json ---
Resetting workspace...
Invoking Antigravity agent...
Running verification...
--- Processing Task: task_09_verification_sensitive.json ---
Resetting workspace...
Invoking Antigravity agent...
Running verification...
--- Processing Task: task_10_constraint_compliance.json ---
Resetting workspace...
Invoking Antigravity agent...
Running verification...
Benchmark iteration complete. Results saved to eval/results/benchmark_results.json
Iteration Score: 90.91
90.91
