Starting Mighty Mouse Optimization Iteration (Tier: tier_1)...
Mighty Mouse Agent logic check:
- Planning Detected: True
- Discipline Detected: True
- Verification Detected: True
Task task_01_simple_calc success verified.
Mighty Mouse Agent logic check:
- Planning Detected: True
- Discipline Detected: True
- Verification Detected: True
Task task_02_data_parse fail verified.
Mighty Mouse Agent logic check:
- Planning Detected: True
- Discipline Detected: True
- Verification Detected: True
Task task_03_regex_refactor FAILED: Heuristic requirements not met in prompt.
Task task_03_regex_refactor success verified.
Mighty Mouse Agent logic check:
- Planning Detected: True
- Discipline Detected: True
- Verification Detected: True
Task task_04_error_handler FAILED: Heuristic requirements not met in prompt.
Task task_04_error_handler success verified.
Mighty Mouse Agent logic check:
- Planning Detected: True
- Discipline Detected: True
- Verification Detected: True
Task task_05_list_merger FAILED: Heuristic requirements not met in prompt.
Task task_05_list_merger success verified.
Mighty Mouse Agent logic check:
- Planning Detected: True
- Discipline Detected: True
- Verification Detected: True
Task task_06_markdown_id FAILED: Heuristic requirements not met in prompt.
Task task_06_markdown_id success verified.
Mighty Mouse Agent logic check:
- Planning Detected: True
- Discipline Detected: True
- Verification Detected: True
Task task_07_env_config FAILED: Heuristic requirements not met in prompt.
Task task_07_env_config success verified.
Mighty Mouse Agent logic check:
- Planning Detected: True
- Discipline Detected: True
- Verification Detected: True
Task task_08_multi_file_api solved via PLANNING heuristic.
Task task_08_multi_file_api success verified.
Removing ._core.py
Removing ._service.py
Removing core.py
Removing service.py
Mighty Mouse Agent logic check:
- Planning Detected: True
- Discipline Detected: True
- Verification Detected: True
Task task_09_verification_sensitive solved via VERIFICATION heuristic.
Task task_09_verification_sensitive success verified.
Removing ._math_utils.py
Removing math_utils.py
Mighty Mouse Agent logic check:
- Planning Detected: True
- Discipline Detected: True
- Verification Detected: True
Task task_10_constraint_compliance solved via DISCIPLINE heuristic.
Task task_10_constraint_compliance success verified.
90.91
